#
# There is insufficient memory for the Java Runtime Environment to continue.
# Native memory allocation (malloc) failed to allocate 1364368 bytes. Error detail: Chunk::new
# Possible reasons:
#   The system is out of physical RAM or swap space
#   This process is running with CompressedOops enabled, and the Java Heap may be blocking the growth of the native heap
# Possible solutions:
#   Reduce memory load on the system
#   Increase physical memory or swap space
#   Check if swap backing store is full
#   Decrease Java heap size (-Xmx/-Xms)
#   Decrease number of Java threads
#   Decrease Java thread stack sizes (-Xss)
#   Set larger code cache with -XX:ReservedCodeCacheSize=
#   JVM is running with Unscaled Compressed Oops mode in which the Java heap is
#     placed in the first 4GB address space. The Java Heap base address is the
#     maximum limit for the native heap growth. Please use -XX:HeapBaseMinAddress
#     to set the Java Heap base and to place the Java Heap above 4GB virtual address.
# This output file may be truncated or incomplete.
#
#  Out of Memory Error (arena.cpp:168), pid=25768, tid=31236
#
# JRE version: OpenJDK Runtime Environment Temurin-21.0.7+6 (21.0.7+6) (build 21.0.7+6-LTS)
# Java VM: OpenJDK 64-Bit Server VM Temurin-21.0.7+6 (21.0.7+6-LTS, mixed mode, sharing, tiered, compressed oops, compressed class ptrs, parallel gc, windows-amd64)
# No core dump will be written. Minidumps are not enabled by default on client versions of Windows
#

---------------  S U M M A R Y ------------

Command Line: --add-modules=ALL-SYSTEM --add-opens=java.base/java.util=ALL-UNNAMED --add-opens=java.base/java.lang=ALL-UNNAMED --add-opens=java.base/sun.nio.fs=ALL-UNNAMED -Declipse.application=org.eclipse.jdt.ls.core.id1 -Dosgi.bundles.defaultStartLevel=4 -Declipse.product=org.eclipse.jdt.ls.core.product -Djava.import.generatesMetadataFilesAtProjectRoot=false -DDetectVMInstallationsJob.disabled=true -Dfile.encoding=utf8 -XX:+UseParallelGC -XX:GCTimeRatio=4 -XX:AdaptiveSizePolicyWeight=90 -Dsun.zip.disableMemoryMapping=true -Xmx1G -Xms100m -Xlog:disable -javaagent:c:\Users\aaand\.vscode\extensions\redhat.java-1.42.0-win32-x64\lombok\lombok-1.18.36.jar -XX:+HeapDumpOnOutOfMemoryError -XX:HeapDumpPath=c:\Users\aaand\AppData\Roaming\Code\User\workspaceStorage\2b604885738b9e0326f0ffdc5d1a524f\redhat.java -Daether.dependencyCollector.impl=bf c:\Users\aaand\.vscode\extensions\redhat.java-1.42.0-win32-x64\server\plugins\org.eclipse.equinox.launcher_1.7.0.v20250424-1814.jar -configuration c:\Users\aaand\AppData\Roaming\Code\User\globalStorage\redhat.java\1.42.0\config_win -data c:\Users\aaand\AppData\Roaming\Code\User\workspaceStorage\2b604885738b9e0326f0ffdc5d1a524f\redhat.java\jdt_ws --pipe=\\.\pipe\lsp-05d9eecbf6075be2dba51e559a338652-sock

Host: 11th Gen Intel(R) Core(TM) i5-11400H @ 2.70GHz, 12 cores, 15G,  Windows 11 , 64 bit Build 26100 (10.0.26100.3912)
Time: Sun May 25 17:57:11 2025  Windows 11 , 64 bit Build 26100 (10.0.26100.3912) elapsed time: 20.321932 seconds (0d 0h 0m 20s)

---------------  T H R E A D  ---------------

Current thread (0x00000237979b1f90):  JavaThread "C2 CompilerThread0" daemon [_thread_in_native, id=31236, stack(0x000000bca7300000,0x000000bca7400000) (1024K)]


Current CompileTask:
C2:20321 6669       4       java.lang.invoke.MethodType::makeImpl (109 bytes)

Stack: [0x000000bca7300000,0x000000bca7400000]
Native frames: (J=compiled Java code, j=interpreted, Vv=VM code, C=native code)
V  [jvm.dll+0x6ce119]
V  [jvm.dll+0x8a84a1]
V  [jvm.dll+0x8aa9ce]
V  [jvm.dll+0x8ab0b3]
V  [jvm.dll+0x27f8a6]
V  [jvm.dll+0xc507d]
V  [jvm.dll+0xc55b3]
V  [jvm.dll+0x3b692c]
V  [jvm.dll+0x1e0029]
V  [jvm.dll+0x247c42]
V  [jvm.dll+0x2470cf]
V  [jvm.dll+0x1c760e]
V  [jvm.dll+0x25695a]
V  [jvm.dll+0x254efa]
V  [jvm.dll+0x3f03f6]
V  [jvm.dll+0x851f6b]
V  [jvm.dll+0x6cc7dd]
C  [ucrtbase.dll+0x37b0]
C  [KERNEL32.DLL+0x2e8d7]
C  [ntdll.dll+0x9c5dc]


---------------  P R O C E S S  ---------------

Threads class SMR info:
_java_thread_list=0x000002379de916b0, length=46, elements={
0x000002374112d690, 0x00000237411d8400, 0x0000023755518e20, 0x000002375551c110,
0x000002375551cd60, 0x00000237411da410, 0x00000237411e03c0, 0x00000237979b1f90,
0x00000237979b5360, 0x0000023797a6ab70, 0x0000023797cf5910, 0x000002379d932a80,
0x000002379d8317e0, 0x000002379d401190, 0x000002379d3280b0, 0x0000023797c20fc0,
0x000002379d629aa0, 0x000002379d3fdc90, 0x0000023797cb2be0, 0x000002379d664490,
0x0000023797cb1830, 0x0000023797cb3270, 0x0000023797cb0480, 0x0000023797cb0b10,
0x0000023797cafdf0, 0x0000023797cb1ec0, 0x0000023797cb2550, 0x000002379dc563a0,
0x000002379dc52f20, 0x000002379dc54960, 0x000002379dc53c40, 0x000002379dc56a30,
0x000002379dc535b0, 0x000002379dc57750, 0x000002379dc55d10, 0x000002379dc570c0,
0x000002379dc55680, 0x000002379dc542d0, 0x000002379dc58470, 0x000002379dc57de0,
0x000002379dc54ff0, 0x000002379dc58b00, 0x000002379dc59190, 0x000002379dc59eb0,
0x000002379dc5a540, 0x00000237a119ff30
}

Java Threads: ( => current thread )
  0x000002374112d690 JavaThread "main"                              [_thread_blocked, id=34728, stack(0x000000bca6900000,0x000000bca6a00000) (1024K)]
  0x00000237411d8400 JavaThread "Reference Handler"          daemon [_thread_blocked, id=31844, stack(0x000000bca6d00000,0x000000bca6e00000) (1024K)]
  0x0000023755518e20 JavaThread "Finalizer"                  daemon [_thread_blocked, id=9564, stack(0x000000bca6e00000,0x000000bca6f00000) (1024K)]
  0x000002375551c110 JavaThread "Signal Dispatcher"          daemon [_thread_blocked, id=27228, stack(0x000000bca6f00000,0x000000bca7000000) (1024K)]
  0x000002375551cd60 JavaThread "Attach Listener"            daemon [_thread_blocked, id=26956, stack(0x000000bca7000000,0x000000bca7100000) (1024K)]
  0x00000237411da410 JavaThread "Service Thread"             daemon [_thread_blocked, id=6908, stack(0x000000bca7100000,0x000000bca7200000) (1024K)]
  0x00000237411e03c0 JavaThread "Monitor Deflation Thread"   daemon [_thread_blocked, id=31700, stack(0x000000bca7200000,0x000000bca7300000) (1024K)]
=>0x00000237979b1f90 JavaThread "C2 CompilerThread0"         daemon [_thread_in_native, id=31236, stack(0x000000bca7300000,0x000000bca7400000) (1024K)]
  0x00000237979b5360 JavaThread "C1 CompilerThread0"         daemon [_thread_in_native, id=29564, stack(0x000000bca7400000,0x000000bca7500000) (1024K)]
  0x0000023797a6ab70 JavaThread "Common-Cleaner"             daemon [_thread_blocked, id=32468, stack(0x000000bca7500000,0x000000bca7600000) (1024K)]
  0x0000023797cf5910 JavaThread "Notification Thread"        daemon [_thread_blocked, id=28596, stack(0x000000bca7700000,0x000000bca7800000) (1024K)]
  0x000002379d932a80 JavaThread "Active Thread: Equinox Container: ab24617e-4c4c-4627-97cb-955d93564b2f"        [_thread_blocked, id=24584, stack(0x000000bca7e00000,0x000000bca7f00000) (1024K)]
  0x000002379d8317e0 JavaThread "Refresh Thread: Equinox Container: ab24617e-4c4c-4627-97cb-955d93564b2f" daemon [_thread_blocked, id=30340, stack(0x000000bca7600000,0x000000bca7700000) (1024K)]
  0x000002379d401190 JavaThread "Framework Event Dispatcher: Equinox Container: ab24617e-4c4c-4627-97cb-955d93564b2f" daemon [_thread_blocked, id=10332, stack(0x000000bca8000000,0x000000bca8100000) (1024K)]
  0x000002379d3280b0 JavaThread "Start Level: Equinox Container: ab24617e-4c4c-4627-97cb-955d93564b2f" daemon [_thread_blocked, id=31852, stack(0x000000bca8100000,0x000000bca8200000) (1024K)]
  0x0000023797c20fc0 JavaThread "Bundle File Closer"         daemon [_thread_blocked, id=26332, stack(0x000000bca8500000,0x000000bca8600000) (1024K)]
  0x000002379d629aa0 JavaThread "SCR Component Actor"        daemon [_thread_blocked, id=14780, stack(0x000000bca8400000,0x000000bca8500000) (1024K)]
  0x000002379d3fdc90 JavaThread "SCR Component Registry"     daemon [_thread_blocked, id=27348, stack(0x000000bca8600000,0x000000bca8700000) (1024K)]
  0x0000023797cb2be0 JavaThread "Worker-JM"                         [_thread_blocked, id=6256, stack(0x000000bca8700000,0x000000bca8800000) (1024K)]
  0x000002379d664490 JavaThread "C2 CompilerThread1"         daemon [_thread_in_native, id=20220, stack(0x000000bca8800000,0x000000bca8900000) (1024K)]
  0x0000023797cb1830 JavaThread "JNA Cleaner"                daemon [_thread_blocked, id=21036, stack(0x000000bca8900000,0x000000bca8a00000) (1024K)]
  0x0000023797cb3270 JavaThread "Worker-0: Initialize After Load"        [_thread_in_Java, id=13348, stack(0x000000bca8a00000,0x000000bca8b00000) (1024K)]
  0x0000023797cb0480 JavaThread "Worker-1"                          [_thread_blocked, id=22688, stack(0x000000bca8b00000,0x000000bca8c00000) (1024K)]
  0x0000023797cb0b10 JavaThread "Java indexing"              daemon [_thread_in_Java, id=24908, stack(0x000000bca8c00000,0x000000bca8d00000) (1024K)]
  0x0000023797cafdf0 JavaThread "Worker-2"                          [_thread_blocked, id=15148, stack(0x000000bca9000000,0x000000bca9100000) (1024K)]
  0x0000023797cb1ec0 JavaThread "Worker-3: Java indexing... "        [_thread_blocked, id=30288, stack(0x000000bca9100000,0x000000bca9200000) (1024K)]
  0x0000023797cb2550 JavaThread "Thread-2"                   daemon [_thread_in_native, id=29624, stack(0x000000bca9200000,0x000000bca9300000) (1024K)]
  0x000002379dc563a0 JavaThread "Thread-3"                   daemon [_thread_in_native, id=33788, stack(0x000000bca9300000,0x000000bca9400000) (1024K)]
  0x000002379dc52f20 JavaThread "Thread-4"                   daemon [_thread_in_native, id=2280, stack(0x000000bca9400000,0x000000bca9500000) (1024K)]
  0x000002379dc54960 JavaThread "Thread-5"                   daemon [_thread_in_native, id=23160, stack(0x000000bca9500000,0x000000bca9600000) (1024K)]
  0x000002379dc53c40 JavaThread "Thread-6"                   daemon [_thread_in_native, id=25284, stack(0x000000bca9600000,0x000000bca9700000) (1024K)]
  0x000002379dc56a30 JavaThread "Thread-7"                   daemon [_thread_in_native, id=29744, stack(0x000000bca9700000,0x000000bca9800000) (1024K)]
  0x000002379dc535b0 JavaThread "Thread-8"                   daemon [_thread_in_native, id=31944, stack(0x000000bca9800000,0x000000bca9900000) (1024K)]
  0x000002379dc57750 JavaThread "Thread-9"                   daemon [_thread_in_native, id=18936, stack(0x000000bca9900000,0x000000bca9a00000) (1024K)]
  0x000002379dc55d10 JavaThread "Thread-10"                  daemon [_thread_in_native, id=30816, stack(0x000000bca9a00000,0x000000bca9b00000) (1024K)]
  0x000002379dc570c0 JavaThread "Thread-11"                  daemon [_thread_in_native, id=7116, stack(0x000000bca9b00000,0x000000bca9c00000) (1024K)]
  0x000002379dc55680 JavaThread "Thread-12"                  daemon [_thread_in_native, id=32360, stack(0x000000bca9c00000,0x000000bca9d00000) (1024K)]
  0x000002379dc542d0 JavaThread "Thread-13"                  daemon [_thread_in_native, id=20188, stack(0x000000bca9d00000,0x000000bca9e00000) (1024K)]
  0x000002379dc58470 JavaThread "Thread-14"                  daemon [_thread_in_native, id=24688, stack(0x000000bca9e00000,0x000000bca9f00000) (1024K)]
  0x000002379dc57de0 JavaThread "pool-2-thread-1"                   [_thread_blocked, id=15116, stack(0x000000bca9f00000,0x000000bcaa000000) (1024K)]
  0x000002379dc54ff0 JavaThread "Worker-4"                          [_thread_blocked, id=7044, stack(0x000000bcaa000000,0x000000bcaa100000) (1024K)]
  0x000002379dc58b00 JavaThread "WorkspaceEventsHandler"            [_thread_blocked, id=24692, stack(0x000000bcaa100000,0x000000bcaa200000) (1024K)]
  0x000002379dc59190 JavaThread "pool-1-thread-1"                   [_thread_blocked, id=31084, stack(0x000000bcaa200000,0x000000bcaa300000) (1024K)]
  0x000002379dc59eb0 JavaThread "Worker-5"                          [_thread_blocked, id=10036, stack(0x000000bcaa300000,0x000000bcaa400000) (1024K)]
  0x000002379dc5a540 JavaThread "Keep-Alive-Timer"           daemon [_thread_blocked, id=32408, stack(0x000000bcaa500000,0x000000bcaa600000) (1024K)]
  0x00000237a119ff30 JavaThread "C2 CompilerThread2"         daemon [_thread_in_native, id=24176, stack(0x000000bcaa600000,0x000000bcaa700000) (1024K)]
Total: 46

Other Threads:
  0x0000023755504510 VMThread "VM Thread"                           [id=27832, stack(0x000000bca6c00000,0x000000bca6d00000) (1024K)]
  0x000002374119b510 WatcherThread "VM Periodic Task Thread"        [id=29464, stack(0x000000bca6b00000,0x000000bca6c00000) (1024K)]
  0x000002374114baa0 WorkerThread "GC Thread#0"                     [id=29444, stack(0x000000bca6a00000,0x000000bca6b00000) (1024K)]
  0x000002379d9173a0 WorkerThread "GC Thread#1"                     [id=29248, stack(0x000000bca7800000,0x000000bca7900000) (1024K)]
  0x000002379d917740 WorkerThread "GC Thread#2"                     [id=25904, stack(0x000000bca7900000,0x000000bca7a00000) (1024K)]
  0x000002379d2b3ca0 WorkerThread "GC Thread#3"                     [id=34756, stack(0x000000bca7a00000,0x000000bca7b00000) (1024K)]
  0x000002379d2b4040 WorkerThread "GC Thread#4"                     [id=18164, stack(0x000000bca7b00000,0x000000bca7c00000) (1024K)]
  0x000002379d2d2810 WorkerThread "GC Thread#5"                     [id=8032, stack(0x000000bca7c00000,0x000000bca7d00000) (1024K)]
  0x000002379d2d20d0 WorkerThread "GC Thread#6"                     [id=30048, stack(0x000000bca7d00000,0x000000bca7e00000) (1024K)]
  0x000002379d2d2f50 WorkerThread "GC Thread#7"                     [id=30452, stack(0x000000bca7f00000,0x000000bca8000000) (1024K)]
  0x000002379d2d32f0 WorkerThread "GC Thread#8"                     [id=28256, stack(0x000000bca8200000,0x000000bca8300000) (1024K)]
  0x000002379d2d2470 WorkerThread "GC Thread#9"                     [id=18072, stack(0x000000bca8300000,0x000000bca8400000) (1024K)]
Total: 12

Threads with active compile tasks:
C2 CompilerThread0  20377 6669       4       java.lang.invoke.MethodType::makeImpl (109 bytes)
C1 CompilerThread0  20377 6963       2       org.eclipse.jdt.internal.core.search.indexing.AbstractIndexer::addConstructorReference (58 bytes)
C2 CompilerThread1  20377 6406   !   4       org.eclipse.osgi.internal.loader.classpath.ClasspathManager::defineClass (636 bytes)
C2 CompilerThread2  20377 6715       4       org.eclipse.jdt.internal.core.util.Util::splitOn (134 bytes)
Total: 4

VM state: not at safepoint (normal execution)

VM Mutex/Monitor currently owned by a thread: None

Heap address: 0x00000000c0000000, size: 1024 MB, Compressed Oops mode: 32-bit

CDS archive(s) mapped at: [0x0000023756000000-0x0000023756ba0000-0x0000023756ba0000), size 12189696, SharedBaseAddress: 0x0000023756000000, ArchiveRelocationMode: 1.
Compressed class space mapped at: 0x0000023757000000-0x0000023797000000, reserved size: 1073741824
Narrow klass base: 0x0000023756000000, Narrow klass shift: 0, Narrow klass range: 0x100000000

GC Precious Log:
 CardTable entry size: 512
 CPUs: 12 total, 12 available
 Memory: 16163M
 Large Page Support: Disabled
 NUMA Support: Disabled
 Compressed Oops: Enabled (32-bit)
 Alignments: Space 512K, Generation 512K, Heap 2M
 Heap Min Capacity: 100M
 Heap Initial Capacity: 100M
 Heap Max Capacity: 1G
 Pre-touch: Disabled
 Parallel Workers: 10

Heap:
 PSYoungGen      total 24576K, used 19346K [0x00000000eab00000, 0x00000000ec580000, 0x0000000100000000)
  eden space 22016K, 76% used [0x00000000eab00000,0x00000000ebb80018,0x00000000ec080000)
  from space 2560K, 95% used [0x00000000ec080000,0x00000000ec2e4a28,0x00000000ec300000)
  to   space 2560K, 0% used [0x00000000ec300000,0x00000000ec300000,0x00000000ec580000)
 ParOldGen       total 68608K, used 30443K [0x00000000c0000000, 0x00000000c4300000, 0x00000000eab00000)
  object space 68608K, 44% used [0x00000000c0000000,0x00000000c1dbae48,0x00000000c4300000)
 Metaspace       used 50875K, committed 52096K, reserved 1114112K
  class space    used 5476K, committed 6016K, reserved 1048576K

Card table byte_map: [0x0000023740ad0000,0x0000023740ce0000] _byte_map_base: 0x00000237404d0000

Marking Bits: (ParMarkBitMap*) 0x00007ffa2b9331f0
 Begin Bits: [0x0000023753320000, 0x0000023754320000)
 End Bits:   [0x0000023754320000, 0x0000023755320000)

Polling page: 0x000002373efa0000

Metaspace:

Usage:
  Non-class:     44.34 MB used.
      Class:      5.35 MB used.
       Both:     49.68 MB used.

Virtual space:
  Non-class space:       64.00 MB reserved,      45.00 MB ( 70%) committed,  1 nodes.
      Class space:        1.00 GB reserved,       5.88 MB ( <1%) committed,  1 nodes.
             Both:        1.06 GB reserved,      50.88 MB (  5%) committed. 

Chunk freelists:
   Non-Class:  2.97 MB
       Class:  10.11 MB
        Both:  13.08 MB

MaxMetaspaceSize: unlimited
CompressedClassSpaceSize: 1.00 GB
Initial GC threshold: 21.00 MB
Current GC threshold: 58.88 MB
CDS: on
 - commit_granule_bytes: 65536.
 - commit_granule_words: 8192.
 - virtual_space_node_default_size: 8388608.
 - enlarge_chunks_in_place: 1.
 - use_allocation_guard: 0.


Internal statistics:

num_allocs_failed_limit: 10.
num_arena_births: 860.
num_arena_deaths: 14.
num_vsnodes_births: 2.
num_vsnodes_deaths: 0.
num_space_committed: 814.
num_space_uncommitted: 0.
num_chunks_returned_to_freelist: 24.
num_chunks_taken_from_freelist: 2882.
num_chunk_merges: 14.
num_chunk_splits: 1851.
num_chunks_enlarged: 1131.
num_inconsistent_stats: 0.

CodeHeap 'non-profiled nmethods': size=120000Kb used=2916Kb max_used=2916Kb free=117084Kb
 bounds [0x000002374bdf0000, 0x000002374c0d0000, 0x0000023753320000]
CodeHeap 'profiled nmethods': size=120000Kb used=12908Kb max_used=12908Kb free=107091Kb
 bounds [0x0000023744320000, 0x0000023744fc0000, 0x000002374b850000]
CodeHeap 'non-nmethods': size=5760Kb used=1434Kb max_used=1469Kb free=4326Kb
 bounds [0x000002374b850000, 0x000002374bac0000, 0x000002374bdf0000]
 total_blobs=7085 nmethods=6354 adapters=637
 compilation: enabled
              stopped_count=0, restarted_count=0
 full_count=0

Compilation events (20 events):
Event: 20.141 Thread 0x00000237979b5360 nmethod 6837 0x0000023744f76690 code [0x0000023744f76840, 0x0000023744f76a10]
Event: 20.141 Thread 0x00000237979b5360 6838       2       org.eclipse.jdt.internal.core.JrtPackageFragmentRoot$1::visitPackage (26 bytes)
Event: 20.141 Thread 0x00000237979b5360 nmethod 6838 0x0000023744f76b10 code [0x0000023744f76cc0, 0x0000023744f76e48]
Event: 20.141 Thread 0x00000237979b5360 6840 %     3       org.eclipse.jdt.core.compiler.CharOperation::replaceOnCopy @ 12 (78 bytes)
Event: 20.141 Thread 0x00000237979b5360 nmethod 6840% 0x0000023744f76f10 code [0x0000023744f77100, 0x0000023744f776e8]
Event: 20.141 Thread 0x00000237979b5360 6839       2       org.eclipse.jdt.internal.core.search.matching.MethodPattern::createIndexKey (33 bytes)
Event: 20.142 Thread 0x00000237979b5360 nmethod 6839 0x0000023744f77910 code [0x0000023744f77b00, 0x0000023744f77d30]
Event: 20.142 Thread 0x00000237979b5360 6841       2       org.eclipse.jdt.internal.compiler.classfmt.MethodInfo::getSelector (49 bytes)
Event: 20.142 Thread 0x00000237979b5360 nmethod 6841 0x0000023744f77f10 code [0x0000023744f780e0, 0x0000023744f783b8]
Event: 20.142 Thread 0x00000237979b5360 6842       2       org.eclipse.jdt.internal.core.JavaModelStatus::getSeverity (65 bytes)
Event: 20.142 Thread 0x00000237979b5360 nmethod 6842 0x0000023744f78610 code [0x0000023744f787c0, 0x0000023744f78a00]
Event: 20.155 Thread 0x00000237979b5360 6843 %     3       org.eclipse.jdt.core.compiler.CharOperation::lastIndexOf @ 6 (24 bytes)
Event: 20.160 Thread 0x00000237979b5360 nmethod 6843% 0x0000023744f78b90 code [0x0000023744f78d40, 0x0000023744f78ff8]
Event: 20.160 Thread 0x00000237979b5360 6844       2       org.eclipse.jdt.core.JavaConventions::validateIdentifier (33 bytes)
Event: 20.161 Thread 0x00000237979b5360 nmethod 6844 0x0000023744f79110 code [0x0000023744f792e0, 0x0000023744f79510]
Event: 20.194 Thread 0x00000237979b5360 6845       3       java.util.stream.ReferencePipeline$3::opWrapSink (10 bytes)
Event: 20.195 Thread 0x00000237979b5360 nmethod 6845 0x0000023744f79610 code [0x0000023744f79800, 0x0000023744f79d28]
Event: 20.205 Thread 0x00000237979b5360 6848       3       java.nio.MappedByteBuffer::position (6 bytes)
Event: 20.206 Thread 0x00000237979b5360 nmethod 6848 0x0000023744f79f10 code [0x0000023744f7a0c0, 0x0000023744f7a2d0]
Event: 20.210 Thread 0x00000237979b5360 6849       2       org.eclipse.jdt.internal.compiler.parser.Scanner::internalScanIdentifierOrKeyword (5041 bytes)

GC Heap History (20 events):
Event: 17.943 GC heap before
{Heap before GC invocations=15 (full 1):
 PSYoungGen      total 25600K, used 2388K [0x00000000eab00000, 0x00000000ec680000, 0x0000000100000000)
  eden space 22016K, 9% used [0x00000000eab00000,0x00000000ead052b0,0x00000000ec080000)
  from space 3584K, 8% used [0x00000000ec080000,0x00000000ec0d0000,0x00000000ec400000)
  to   space 1536K, 0% used [0x00000000ec500000,0x00000000ec500000,0x00000000ec680000)
 ParOldGen       total 68608K, used 19133K [0x00000000c0000000, 0x00000000c4300000, 0x00000000eab00000)
  object space 68608K, 27% used [0x00000000c0000000,0x00000000c12af458,0x00000000c4300000)
 Metaspace       used 35118K, committed 36160K, reserved 1114112K
  class space    used 3505K, committed 3968K, reserved 1048576K
}
Event: 17.944 GC heap after
{Heap after GC invocations=15 (full 1):
 PSYoungGen      total 22528K, used 288K [0x00000000eab00000, 0x00000000ec580000, 0x0000000100000000)
  eden space 22016K, 0% used [0x00000000eab00000,0x00000000eab00000,0x00000000ec080000)
  from space 512K, 56% used [0x00000000ec500000,0x00000000ec548000,0x00000000ec580000)
  to   space 512K, 0% used [0x00000000ec480000,0x00000000ec480000,0x00000000ec500000)
 ParOldGen       total 68608K, used 19277K [0x00000000c0000000, 0x00000000c4300000, 0x00000000eab00000)
  object space 68608K, 28% used [0x00000000c0000000,0x00000000c12d3458,0x00000000c4300000)
 Metaspace       used 35118K, committed 36160K, reserved 1114112K
  class space    used 3505K, committed 3968K, reserved 1048576K
}
Event: 17.944 GC heap before
{Heap before GC invocations=16 (full 2):
 PSYoungGen      total 22528K, used 288K [0x00000000eab00000, 0x00000000ec580000, 0x0000000100000000)
  eden space 22016K, 0% used [0x00000000eab00000,0x00000000eab00000,0x00000000ec080000)
  from space 512K, 56% used [0x00000000ec500000,0x00000000ec548000,0x00000000ec580000)
  to   space 512K, 0% used [0x00000000ec480000,0x00000000ec480000,0x00000000ec500000)
 ParOldGen       total 68608K, used 19277K [0x00000000c0000000, 0x00000000c4300000, 0x00000000eab00000)
  object space 68608K, 28% used [0x00000000c0000000,0x00000000c12d3458,0x00000000c4300000)
 Metaspace       used 35118K, committed 36160K, reserved 1114112K
  class space    used 3505K, committed 3968K, reserved 1048576K
}
Event: 17.969 GC heap after
{Heap after GC invocations=16 (full 2):
 PSYoungGen      total 22528K, used 0K [0x00000000eab00000, 0x00000000ec580000, 0x0000000100000000)
  eden space 22016K, 0% used [0x00000000eab00000,0x00000000eab00000,0x00000000ec080000)
  from space 512K, 0% used [0x00000000ec500000,0x00000000ec500000,0x00000000ec580000)
  to   space 512K, 0% used [0x00000000ec480000,0x00000000ec480000,0x00000000ec500000)
 ParOldGen       total 68608K, used 18601K [0x00000000c0000000, 0x00000000c4300000, 0x00000000eab00000)
  object space 68608K, 27% used [0x00000000c0000000,0x00000000c122a470,0x00000000c4300000)
 Metaspace       used 35118K, committed 36160K, reserved 1114112K
  class space    used 3505K, committed 3968K, reserved 1048576K
}
Event: 18.155 GC heap before
{Heap before GC invocations=17 (full 2):
 PSYoungGen      total 22528K, used 22016K [0x00000000eab00000, 0x00000000ec580000, 0x0000000100000000)
  eden space 22016K, 100% used [0x00000000eab00000,0x00000000ec080000,0x00000000ec080000)
  from space 512K, 0% used [0x00000000ec500000,0x00000000ec500000,0x00000000ec580000)
  to   space 512K, 0% used [0x00000000ec480000,0x00000000ec480000,0x00000000ec500000)
 ParOldGen       total 68608K, used 18601K [0x00000000c0000000, 0x00000000c4300000, 0x00000000eab00000)
  object space 68608K, 27% used [0x00000000c0000000,0x00000000c122a470,0x00000000c4300000)
 Metaspace       used 38488K, committed 39680K, reserved 1114112K
  class space    used 3939K, committed 4480K, reserved 1048576K
}
Event: 18.156 GC heap after
{Heap after GC invocations=17 (full 2):
 PSYoungGen      total 22528K, used 512K [0x00000000eab00000, 0x00000000ec580000, 0x0000000100000000)
  eden space 22016K, 0% used [0x00000000eab00000,0x00000000eab00000,0x00000000ec080000)
  from space 512K, 100% used [0x00000000ec480000,0x00000000ec500000,0x00000000ec500000)
  to   space 512K, 0% used [0x00000000ec500000,0x00000000ec500000,0x00000000ec580000)
 ParOldGen       total 68608K, used 19163K [0x00000000c0000000, 0x00000000c4300000, 0x00000000eab00000)
  object space 68608K, 27% used [0x00000000c0000000,0x00000000c12b6fe8,0x00000000c4300000)
 Metaspace       used 38488K, committed 39680K, reserved 1114112K
  class space    used 3939K, committed 4480K, reserved 1048576K
}
Event: 18.318 GC heap before
{Heap before GC invocations=18 (full 2):
 PSYoungGen      total 22528K, used 22528K [0x00000000eab00000, 0x00000000ec580000, 0x0000000100000000)
  eden space 22016K, 100% used [0x00000000eab00000,0x00000000ec080000,0x00000000ec080000)
  from space 512K, 100% used [0x00000000ec480000,0x00000000ec500000,0x00000000ec500000)
  to   space 512K, 0% used [0x00000000ec500000,0x00000000ec500000,0x00000000ec580000)
 ParOldGen       total 68608K, used 19163K [0x00000000c0000000, 0x00000000c4300000, 0x00000000eab00000)
  object space 68608K, 27% used [0x00000000c0000000,0x00000000c12b6fe8,0x00000000c4300000)
 Metaspace       used 40392K, committed 41472K, reserved 1114112K
  class space    used 4205K, committed 4672K, reserved 1048576K
}
Event: 18.320 GC heap after
{Heap after GC invocations=18 (full 2):
 PSYoungGen      total 22528K, used 496K [0x00000000eab00000, 0x00000000ec580000, 0x0000000100000000)
  eden space 22016K, 0% used [0x00000000eab00000,0x00000000eab00000,0x00000000ec080000)
  from space 512K, 96% used [0x00000000ec500000,0x00000000ec57c010,0x00000000ec580000)
  to   space 1536K, 0% used [0x00000000ec280000,0x00000000ec280000,0x00000000ec400000)
 ParOldGen       total 68608K, used 20002K [0x00000000c0000000, 0x00000000c4300000, 0x00000000eab00000)
  object space 68608K, 29% used [0x00000000c0000000,0x00000000c1388b30,0x00000000c4300000)
 Metaspace       used 40392K, committed 41472K, reserved 1114112K
  class space    used 4205K, committed 4672K, reserved 1048576K
}
Event: 18.477 GC heap before
{Heap before GC invocations=19 (full 2):
 PSYoungGen      total 22528K, used 22512K [0x00000000eab00000, 0x00000000ec580000, 0x0000000100000000)
  eden space 22016K, 100% used [0x00000000eab00000,0x00000000ec080000,0x00000000ec080000)
  from space 512K, 96% used [0x00000000ec500000,0x00000000ec57c010,0x00000000ec580000)
  to   space 1536K, 0% used [0x00000000ec280000,0x00000000ec280000,0x00000000ec400000)
 ParOldGen       total 68608K, used 20002K [0x00000000c0000000, 0x00000000c4300000, 0x00000000eab00000)
  object space 68608K, 29% used [0x00000000c0000000,0x00000000c1388b30,0x00000000c4300000)
 Metaspace       used 42238K, committed 43264K, reserved 1114112K
  class space    used 4434K, committed 4928K, reserved 1048576K
}
Event: 18.478 GC heap after
{Heap after GC invocations=19 (full 2):
 PSYoungGen      total 23552K, used 896K [0x00000000eab00000, 0x00000000ec580000, 0x0000000100000000)
  eden space 22016K, 0% used [0x00000000eab00000,0x00000000eab00000,0x00000000ec080000)
  from space 1536K, 58% used [0x00000000ec280000,0x00000000ec360000,0x00000000ec400000)
  to   space 1536K, 0% used [0x00000000ec400000,0x00000000ec400000,0x00000000ec580000)
 ParOldGen       total 68608K, used 20482K [0x00000000c0000000, 0x00000000c4300000, 0x00000000eab00000)
  object space 68608K, 29% used [0x00000000c0000000,0x00000000c1400b50,0x00000000c4300000)
 Metaspace       used 42238K, committed 43264K, reserved 1114112K
  class space    used 4434K, committed 4928K, reserved 1048576K
}
Event: 18.672 GC heap before
{Heap before GC invocations=20 (full 2):
 PSYoungGen      total 23552K, used 22912K [0x00000000eab00000, 0x00000000ec580000, 0x0000000100000000)
  eden space 22016K, 100% used [0x00000000eab00000,0x00000000ec080000,0x00000000ec080000)
  from space 1536K, 58% used [0x00000000ec280000,0x00000000ec360000,0x00000000ec400000)
  to   space 1536K, 0% used [0x00000000ec400000,0x00000000ec400000,0x00000000ec580000)
 ParOldGen       total 68608K, used 20482K [0x00000000c0000000, 0x00000000c4300000, 0x00000000eab00000)
  object space 68608K, 29% used [0x00000000c0000000,0x00000000c1400b50,0x00000000c4300000)
 Metaspace       used 44954K, committed 46080K, reserved 1114112K
  class space    used 4779K, committed 5312K, reserved 1048576K
}
Event: 18.673 GC heap after
{Heap after GC invocations=20 (full 2):
 PSYoungGen      total 23552K, used 1418K [0x00000000eab00000, 0x00000000ec580000, 0x0000000100000000)
  eden space 22016K, 0% used [0x00000000eab00000,0x00000000eab00000,0x00000000ec080000)
  from space 1536K, 92% used [0x00000000ec400000,0x00000000ec562998,0x00000000ec580000)
  to   space 1536K, 0% used [0x00000000ec280000,0x00000000ec280000,0x00000000ec400000)
 ParOldGen       total 68608K, used 21106K [0x00000000c0000000, 0x00000000c4300000, 0x00000000eab00000)
  object space 68608K, 30% used [0x00000000c0000000,0x00000000c149cb50,0x00000000c4300000)
 Metaspace       used 44954K, committed 46080K, reserved 1114112K
  class space    used 4779K, committed 5312K, reserved 1048576K
}
Event: 19.153 GC heap before
{Heap before GC invocations=21 (full 2):
 PSYoungGen      total 23552K, used 23434K [0x00000000eab00000, 0x00000000ec580000, 0x0000000100000000)
  eden space 22016K, 100% used [0x00000000eab00000,0x00000000ec080000,0x00000000ec080000)
  from space 1536K, 92% used [0x00000000ec400000,0x00000000ec562998,0x00000000ec580000)
  to   space 1536K, 0% used [0x00000000ec280000,0x00000000ec280000,0x00000000ec400000)
 ParOldGen       total 68608K, used 21106K [0x00000000c0000000, 0x00000000c4300000, 0x00000000eab00000)
  object space 68608K, 30% used [0x00000000c0000000,0x00000000c149cb50,0x00000000c4300000)
 Metaspace       used 47501K, committed 48576K, reserved 1114112K
  class space    used 5118K, committed 5632K, reserved 1048576K
}
Event: 19.155 GC heap after
{Heap after GC invocations=21 (full 2):
 PSYoungGen      total 23552K, used 1536K [0x00000000eab00000, 0x00000000ec780000, 0x0000000100000000)
  eden space 22016K, 0% used [0x00000000eab00000,0x00000000eab00000,0x00000000ec080000)
  from space 1536K, 100% used [0x00000000ec280000,0x00000000ec400000,0x00000000ec400000)
  to   space 3584K, 0% used [0x00000000ec400000,0x00000000ec400000,0x00000000ec780000)
 ParOldGen       total 68608K, used 22427K [0x00000000c0000000, 0x00000000c4300000, 0x00000000eab00000)
  object space 68608K, 32% used [0x00000000c0000000,0x00000000c15e6c70,0x00000000c4300000)
 Metaspace       used 47501K, committed 48576K, reserved 1114112K
  class space    used 5118K, committed 5632K, reserved 1048576K
}
Event: 19.800 GC heap before
{Heap before GC invocations=22 (full 2):
 PSYoungGen      total 23552K, used 23552K [0x00000000eab00000, 0x00000000ec780000, 0x0000000100000000)
  eden space 22016K, 100% used [0x00000000eab00000,0x00000000ec080000,0x00000000ec080000)
  from space 1536K, 100% used [0x00000000ec280000,0x00000000ec400000,0x00000000ec400000)
  to   space 3584K, 0% used [0x00000000ec400000,0x00000000ec400000,0x00000000ec780000)
 ParOldGen       total 68608K, used 22427K [0x00000000c0000000, 0x00000000c4300000, 0x00000000eab00000)
  object space 68608K, 32% used [0x00000000c0000000,0x00000000c15e6c70,0x00000000c4300000)
 Metaspace       used 49515K, committed 50624K, reserved 1114112K
  class space    used 5330K, committed 5824K, reserved 1048576K
}
Event: 19.805 GC heap after
{Heap after GC invocations=22 (full 2):
 PSYoungGen      total 24576K, used 2541K [0x00000000eab00000, 0x00000000ec680000, 0x0000000100000000)
  eden space 22016K, 0% used [0x00000000eab00000,0x00000000eab00000,0x00000000ec080000)
  from space 2560K, 99% used [0x00000000ec400000,0x00000000ec67b520,0x00000000ec680000)
  to   space 3072K, 0% used [0x00000000ec080000,0x00000000ec080000,0x00000000ec380000)
 ParOldGen       total 68608K, used 23915K [0x00000000c0000000, 0x00000000c4300000, 0x00000000eab00000)
  object space 68608K, 34% used [0x00000000c0000000,0x00000000c175ac70,0x00000000c4300000)
 Metaspace       used 49515K, committed 50624K, reserved 1114112K
  class space    used 5330K, committed 5824K, reserved 1048576K
}
Event: 19.957 GC heap before
{Heap before GC invocations=23 (full 2):
 PSYoungGen      total 24576K, used 24557K [0x00000000eab00000, 0x00000000ec680000, 0x0000000100000000)
  eden space 22016K, 100% used [0x00000000eab00000,0x00000000ec080000,0x00000000ec080000)
  from space 2560K, 99% used [0x00000000ec400000,0x00000000ec67b520,0x00000000ec680000)
  to   space 3072K, 0% used [0x00000000ec080000,0x00000000ec080000,0x00000000ec380000)
 ParOldGen       total 68608K, used 23915K [0x00000000c0000000, 0x00000000c4300000, 0x00000000eab00000)
  object space 68608K, 34% used [0x00000000c0000000,0x00000000c175ac70,0x00000000c4300000)
 Metaspace       used 50103K, committed 51264K, reserved 1114112K
  class space    used 5388K, committed 5888K, reserved 1048576K
}
Event: 19.961 GC heap after
{Heap after GC invocations=23 (full 2):
 PSYoungGen      total 24576K, used 2144K [0x00000000eab00000, 0x00000000ec580000, 0x0000000100000000)
  eden space 22016K, 0% used [0x00000000eab00000,0x00000000eab00000,0x00000000ec080000)
  from space 2560K, 83% used [0x00000000ec080000,0x00000000ec298060,0x00000000ec300000)
  to   space 2560K, 0% used [0x00000000ec300000,0x00000000ec300000,0x00000000ec580000)
 ParOldGen       total 68608K, used 26356K [0x00000000c0000000, 0x00000000c4300000, 0x00000000eab00000)
  object space 68608K, 38% used [0x00000000c0000000,0x00000000c19bd2a0,0x00000000c4300000)
 Metaspace       used 50103K, committed 51264K, reserved 1114112K
  class space    used 5388K, committed 5888K, reserved 1048576K
}
Event: 20.155 GC heap before
{Heap before GC invocations=24 (full 2):
 PSYoungGen      total 24576K, used 24160K [0x00000000eab00000, 0x00000000ec580000, 0x0000000100000000)
  eden space 22016K, 100% used [0x00000000eab00000,0x00000000ec080000,0x00000000ec080000)
  from space 2560K, 83% used [0x00000000ec080000,0x00000000ec298060,0x00000000ec300000)
  to   space 2560K, 0% used [0x00000000ec300000,0x00000000ec300000,0x00000000ec580000)
 ParOldGen       total 68608K, used 26356K [0x00000000c0000000, 0x00000000c4300000, 0x00000000eab00000)
  object space 68608K, 38% used [0x00000000c0000000,0x00000000c19bd2a0,0x00000000c4300000)
 Metaspace       used 50799K, committed 52032K, reserved 1114112K
  class space    used 5470K, committed 6016K, reserved 1048576K
}
Event: 20.159 GC heap after
{Heap after GC invocations=24 (full 2):
 PSYoungGen      total 24576K, used 2273K [0x00000000eab00000, 0x00000000ec580000, 0x0000000100000000)
  eden space 22016K, 0% used [0x00000000eab00000,0x00000000eab00000,0x00000000ec080000)
  from space 2560K, 88% used [0x00000000ec300000,0x00000000ec538470,0x00000000ec580000)
  to   space 2560K, 0% used [0x00000000ec080000,0x00000000ec080000,0x00000000ec300000)
 ParOldGen       total 68608K, used 28300K [0x00000000c0000000, 0x00000000c4300000, 0x00000000eab00000)
  object space 68608K, 41% used [0x00000000c0000000,0x00000000c1ba3300,0x00000000c4300000)
 Metaspace       used 50799K, committed 52032K, reserved 1114112K
  class space    used 5470K, committed 6016K, reserved 1048576K
}

Dll operation events (12 events):
Event: 0.012 Loaded shared library c:\Users\aaand\.vscode\extensions\redhat.java-1.42.0-win32-x64\jre\21.0.7-win32-x86_64\bin\java.dll
Event: 0.080 Loaded shared library c:\Users\aaand\.vscode\extensions\redhat.java-1.42.0-win32-x64\jre\21.0.7-win32-x86_64\bin\zip.dll
Event: 0.134 Loaded shared library C:\Users\aaand\.vscode\extensions\redhat.java-1.42.0-win32-x64\jre\21.0.7-win32-x86_64\bin\instrument.dll
Event: 0.139 Loaded shared library C:\Users\aaand\.vscode\extensions\redhat.java-1.42.0-win32-x64\jre\21.0.7-win32-x86_64\bin\net.dll
Event: 0.142 Loaded shared library C:\Users\aaand\.vscode\extensions\redhat.java-1.42.0-win32-x64\jre\21.0.7-win32-x86_64\bin\nio.dll
Event: 0.146 Loaded shared library C:\Users\aaand\.vscode\extensions\redhat.java-1.42.0-win32-x64\jre\21.0.7-win32-x86_64\bin\zip.dll
Event: 0.168 Loaded shared library C:\Users\aaand\.vscode\extensions\redhat.java-1.42.0-win32-x64\jre\21.0.7-win32-x86_64\bin\jimage.dll
Event: 0.246 Loaded shared library c:\Users\aaand\.vscode\extensions\redhat.java-1.42.0-win32-x64\jre\21.0.7-win32-x86_64\bin\verify.dll
Event: 5.659 Loaded shared library C:\Users\aaand\AppData\Roaming\Code\User\globalStorage\redhat.java\1.42.0\config_win\org.eclipse.equinox.launcher\org.eclipse.equinox.launcher.win32.win32.x86_64_1.2.1300.v20250331-1702\eclipse_11911.dll
Event: 16.423 Loaded shared library C:\Users\aaand\AppData\Local\Temp\jna-92567991\jna647545006162449969.dll
Event: 18.029 Loaded shared library C:\Users\aaand\.vscode\extensions\redhat.java-1.42.0-win32-x64\jre\21.0.7-win32-x86_64\bin\sunmscapi.dll
Event: 18.163 Loaded shared library C:\Users\aaand\.vscode\extensions\redhat.java-1.42.0-win32-x64\jre\21.0.7-win32-x86_64\bin\extnet.dll

Deoptimization events (20 events):
Event: 19.685 Thread 0x0000023797cb0b10 Uncommon trap: trap_request=0xffffff45 fr.pc=0x000002374c083910 relative=0x00000000000002b0
Event: 19.685 Thread 0x0000023797cb0b10 Uncommon trap: reason=unstable_if action=reinterpret pc=0x000002374c083910 method=java.lang.invoke.MethodType.genericMethodType(IZ)Ljava/lang/invoke/MethodType; @ 27 c2
Event: 19.685 Thread 0x0000023797cb0b10 DEOPT PACKING pc=0x000002374c083910 sp=0x000000bca8cfcab0
Event: 19.685 Thread 0x0000023797cb0b10 DEOPT UNPACKING pc=0x000002374b8a6da2 sp=0x000000bca8cfca48 mode 2
Event: 19.686 Thread 0x0000023797cb0b10 DEOPT PACKING pc=0x0000023744c20256 sp=0x000000bca8cfd5f0
Event: 19.686 Thread 0x0000023797cb0b10 DEOPT UNPACKING pc=0x000002374b8a78e2 sp=0x000000bca8cfcb00 mode 0
Event: 19.796 Thread 0x0000023797cb0b10 Uncommon trap: trap_request=0xffffff45 fr.pc=0x000002374c0ba66c relative=0x00000000000001ac
Event: 19.796 Thread 0x0000023797cb0b10 Uncommon trap: reason=unstable_if action=reinterpret pc=0x000002374c0ba66c method=jdk.internal.jrtfs.JrtPath.normalize(Ljava/lang/String;)Ljava/lang/String; @ 78 c2
Event: 19.796 Thread 0x0000023797cb0b10 DEOPT PACKING pc=0x000002374c0ba66c sp=0x000000bca8cfe990
Event: 19.796 Thread 0x0000023797cb0b10 DEOPT UNPACKING pc=0x000002374b8a6da2 sp=0x000000bca8cfe910 mode 2
Event: 20.056 Thread 0x0000023797cb3270 Uncommon trap: trap_request=0xffffff76 fr.pc=0x000002374c05c958 relative=0x00000000000006d8
Event: 20.056 Thread 0x0000023797cb3270 Uncommon trap: reason=predicate action=maybe_recompile pc=0x000002374c05c958 method=java.util.TimSort.binarySort([Ljava/lang/Object;IIILjava/util/Comparator;)V @ 73 c2
Event: 20.056 Thread 0x0000023797cb3270 DEOPT PACKING pc=0x000002374c05c958 sp=0x000000bca8afd3d0
Event: 20.056 Thread 0x0000023797cb3270 DEOPT UNPACKING pc=0x000002374b8a6da2 sp=0x000000bca8afd370 mode 2
Event: 20.100 Thread 0x0000023797cb0b10 DEOPT PACKING pc=0x0000023744f5b2c3 sp=0x000000bca8cfe3d0
Event: 20.100 Thread 0x0000023797cb0b10 DEOPT UNPACKING pc=0x000002374b8a78e2 sp=0x000000bca8cfd848 mode 0
Event: 20.129 Thread 0x0000023797cb3270 DEOPT PACKING pc=0x0000023744f60b6a sp=0x000000bca8afd2e0
Event: 20.129 Thread 0x0000023797cb3270 DEOPT UNPACKING pc=0x000002374b8a78e2 sp=0x000000bca8afc768 mode 0
Event: 20.317 Thread 0x0000023797cb0b10 DEOPT PACKING pc=0x0000023744f65d92 sp=0x000000bca8cfe530
Event: 20.317 Thread 0x0000023797cb0b10 DEOPT UNPACKING pc=0x000002374b8a78e2 sp=0x000000bca8cfd9c0 mode 0

Classes loaded (20 events):
Event: 19.700 Loading class java/nio/ByteBufferAsIntBufferL
Event: 19.701 Loading class java/nio/ByteBufferAsIntBufferL done
Event: 19.705 Loading class jdk/internal/jimage/ImageReader$Directory
Event: 19.705 Loading class jdk/internal/jimage/ImageReader$Directory done
Event: 19.749 Loading class java/nio/file/FileTreeWalker$DirectoryNode
Event: 19.749 Loading class java/nio/file/FileTreeWalker$DirectoryNode done
Event: 19.749 Loading class java/nio/file/FileTreeWalker$Event
Event: 19.749 Loading class java/nio/file/FileTreeWalker$Event done
Event: 19.749 Loading class java/nio/file/FileTreeWalker$EventType
Event: 19.749 Loading class java/nio/file/FileTreeWalker$EventType done
Event: 19.749 Loading class java/nio/file/Files$3
Event: 19.749 Loading class java/nio/file/Files$3 done
Event: 19.749 Loading class java/nio/file/FileVisitResult
Event: 19.749 Loading class java/nio/file/FileVisitResult done
Event: 19.847 Loading class java/nio/channels/Channels$ReadableByteChannelImpl
Event: 19.848 Loading class java/nio/channels/Channels$ReadableByteChannelImpl done
Event: 19.850 Loading class java/nio/channels/NonWritableChannelException
Event: 19.851 Loading class java/nio/channels/NonWritableChannelException done
Event: 20.081 Loading class java/util/AbstractList$ListItr
Event: 20.082 Loading class java/util/AbstractList$ListItr done

Classes unloaded (7 events):
Event: 16.913 Thread 0x0000023755504510 Unloading class 0x00000237571aa800 'java/lang/invoke/LambdaForm$MH+0x00000237571aa800'
Event: 16.913 Thread 0x0000023755504510 Unloading class 0x00000237571aa400 'java/lang/invoke/LambdaForm$MH+0x00000237571aa400'
Event: 16.913 Thread 0x0000023755504510 Unloading class 0x00000237571aa000 'java/lang/invoke/LambdaForm$MH+0x00000237571aa000'
Event: 16.913 Thread 0x0000023755504510 Unloading class 0x00000237571a9c00 'java/lang/invoke/LambdaForm$MH+0x00000237571a9c00'
Event: 16.913 Thread 0x0000023755504510 Unloading class 0x00000237571a9800 'java/lang/invoke/LambdaForm$BMH+0x00000237571a9800'
Event: 16.913 Thread 0x0000023755504510 Unloading class 0x00000237571a9400 'java/lang/invoke/LambdaForm$DMH+0x00000237571a9400'
Event: 16.913 Thread 0x0000023755504510 Unloading class 0x00000237571a8400 'java/lang/invoke/LambdaForm$DMH+0x00000237571a8400'

Classes redefined (0 events):
No events

Internal exceptions (20 events):
Event: 19.434 Thread 0x0000023797cb3270 Exception <a 'sun/nio/fs/WindowsException'{0x00000000eb468b50}> (0x00000000eb468b50) 
thrown [s\src\hotspot\share\prims\jni.cpp, line 520]
Event: 19.450 Thread 0x0000023797cb3270 Exception <a 'sun/nio/fs/WindowsException'{0x00000000eb49df78}> (0x00000000eb49df78) 
thrown [s\src\hotspot\share\prims\jni.cpp, line 520]
Event: 19.450 Thread 0x0000023797cb3270 Exception <a 'sun/nio/fs/WindowsException'{0x00000000eb49e5a8}> (0x00000000eb49e5a8) 
thrown [s\src\hotspot\share\prims\jni.cpp, line 520]
Event: 19.451 Thread 0x0000023797cb3270 Exception <a 'sun/nio/fs/WindowsException'{0x00000000eb49f120}> (0x00000000eb49f120) 
thrown [s\src\hotspot\share\prims\jni.cpp, line 520]
Event: 19.451 Thread 0x0000023797cb3270 Exception <a 'sun/nio/fs/WindowsException'{0x00000000eb49f998}> (0x00000000eb49f998) 
thrown [s\src\hotspot\share\prims\jni.cpp, line 520]
Event: 19.452 Thread 0x0000023797cb3270 Exception <a 'sun/nio/fs/WindowsException'{0x00000000eb4a0588}> (0x00000000eb4a0588) 
thrown [s\src\hotspot\share\prims\jni.cpp, line 520]
Event: 19.452 Thread 0x0000023797cb3270 Exception <a 'sun/nio/fs/WindowsException'{0x00000000eb4a0bb8}> (0x00000000eb4a0bb8) 
thrown [s\src\hotspot\share\prims\jni.cpp, line 520]
Event: 19.455 Thread 0x0000023797cb3270 Exception <a 'sun/nio/fs/WindowsException'{0x00000000eb4a2738}> (0x00000000eb4a2738) 
thrown [s\src\hotspot\share\prims\jni.cpp, line 520]
Event: 19.455 Thread 0x0000023797cb3270 Exception <a 'sun/nio/fs/WindowsException'{0x00000000eb4a2d00}> (0x00000000eb4a2d00) 
thrown [s\src\hotspot\share\prims\jni.cpp, line 520]
Event: 19.458 Thread 0x0000023797cb3270 Exception <a 'java/lang/NoSuchMethodError'{0x00000000eb4baf20}: 'void java.lang.invoke.DirectMethodHandle$Holder.invokeVirtual(java.lang.Object, java.lang.Object, java.lang.Object, java.lang.Object)'> (0x00000000eb4baf20) 
thrown [s\src\hotspot\share\interpreter\linkResolver.cpp, line 773]
Event: 19.482 Thread 0x0000023797cb3270 Exception <a 'java/io/FileNotFoundException'{0x00000000eb52fc68}> (0x00000000eb52fc68) 
thrown [s\src\hotspot\share\prims\jni.cpp, line 520]
Event: 19.516 Thread 0x0000023797cb3270 Exception <a 'sun/nio/fs/WindowsException'{0x00000000eb5676e0}> (0x00000000eb5676e0) 
thrown [s\src\hotspot\share\prims\jni.cpp, line 520]
Event: 19.675 Thread 0x0000023797cb0b10 Implicit null exception at 0x000002374c08292a to 0x000002374c082bf4
Event: 19.680 Thread 0x0000023797cb0b10 Exception <a 'java/lang/NoSuchMethodError'{0x00000000eb9e3c08}: 'java.lang.Object java.lang.invoke.DelegatingMethodHandle$Holder.reinvoke_L(java.lang.Object, int, long, java.lang.Object, java.lang.Object, int, java.lang.Object)'> (0x00000000eb9e3c08) 
thrown [s\src\hotspot\share\interpreter\linkResolver.cpp, line 773]
Event: 19.817 Thread 0x0000023797cb3270 Exception <a 'java/lang/NoSuchMethodError'{0x00000000eab91210}: 'java.lang.Object java.lang.invoke.Invokers$Holder.invoke_MT(java.lang.Object, java.lang.Object, java.lang.Object, java.lang.Object, java.lang.Object, java.lang.Object, java.lang.Object, java.lang.Object, java.lang.Object, java.lang.Object)'> (0x00000000eab91210) 
thrown [s\src\hotspot\share\interpreter\linkResolver.cpp, line 773]
Event: 19.912 Thread 0x0000023797cb0b10 Exception <a 'java/io/FileNotFoundException'{0x00000000eb535118}> (0x00000000eb535118) 
thrown [s\src\hotspot\share\prims\jni.cpp, line 520]
Event: 19.912 Thread 0x0000023797cb0b10 Exception <a 'java/io/FileNotFoundException'{0x00000000eb536760}> (0x00000000eb536760) 
thrown [s\src\hotspot\share\prims\jni.cpp, line 520]
Event: 19.917 Thread 0x0000023797cb0b10 Exception <a 'java/lang/NoSuchMethodError'{0x00000000eb701a48}: 'java.lang.Object java.lang.invoke.DirectMethodHandle$Holder.newInvokeSpecial(java.lang.Object, java.lang.Object, java.lang.Object, int)'> (0x00000000eb701a48) 
thrown [s\src\hotspot\share\interpreter\linkResolver.cpp, line 773]
Event: 19.918 Thread 0x0000023797cb0b10 Exception <a 'java/lang/NoSuchMethodError'{0x00000000eb705700}: 'java.lang.Object java.lang.invoke.DirectMethodHandle$Holder.invokeSpecial(java.lang.Object, java.lang.Object, java.lang.Object, java.lang.Object, int)'> (0x00000000eb705700) 
thrown [s\src\hotspot\share\interpreter\linkResolver.cpp, line 773]
Event: 19.918 Thread 0x0000023797cb0b10 Exception <a 'java/lang/NoSuchMethodError'{0x00000000eb708ba8}: 'java.lang.Object java.lang.invoke.Invokers$Holder.linkToTargetMethod(java.lang.Object, java.lang.Object, int, java.lang.Object)'> (0x00000000eb708ba8) 
thrown [s\src\hotspot\share\interpreter\linkResolver.cpp, line 773]

ZGC Phase Switch (0 events):
No events

VM Operations (20 events):
Event: 19.153 Executing VM operation: ParallelGCFailedAllocation (Allocation Failure)
Event: 19.155 Executing VM operation: ParallelGCFailedAllocation (Allocation Failure) done
Event: 19.646 Executing VM operation: HandshakeAllThreads (Deoptimize)
Event: 19.646 Executing VM operation: HandshakeAllThreads (Deoptimize) done
Event: 19.702 Executing VM operation: HandshakeAllThreads (Deoptimize)
Event: 19.702 Executing VM operation: HandshakeAllThreads (Deoptimize) done
Event: 19.704 Executing VM operation: HandshakeAllThreads (Deoptimize)
Event: 19.704 Executing VM operation: HandshakeAllThreads (Deoptimize) done
Event: 19.748 Executing VM operation: HandshakeAllThreads (Deoptimize)
Event: 19.749 Executing VM operation: HandshakeAllThreads (Deoptimize) done
Event: 19.752 Executing VM operation: ICBufferFull
Event: 19.753 Executing VM operation: ICBufferFull done
Event: 19.800 Executing VM operation: ParallelGCFailedAllocation (Allocation Failure)
Event: 19.806 Executing VM operation: ParallelGCFailedAllocation (Allocation Failure) done
Event: 19.956 Executing VM operation: ParallelGCFailedAllocation (Allocation Failure)
Event: 19.961 Executing VM operation: ParallelGCFailedAllocation (Allocation Failure) done
Event: 20.084 Executing VM operation: HandshakeAllThreads (Deoptimize)
Event: 20.086 Executing VM operation: HandshakeAllThreads (Deoptimize) done
Event: 20.155 Executing VM operation: ParallelGCFailedAllocation (Allocation Failure)
Event: 20.160 Executing VM operation: ParallelGCFailedAllocation (Allocation Failure) done

Memory protections (0 events):
No events

Nmethod flushes (20 events):
Event: 17.957 Thread 0x0000023755504510 flushing  nmethod 0x00000237449a2590
Event: 17.957 Thread 0x0000023755504510 flushing  nmethod 0x00000237449ab890
Event: 17.957 Thread 0x0000023755504510 flushing  nmethod 0x00000237449abc90
Event: 17.957 Thread 0x0000023755504510 flushing  nmethod 0x00000237449ac590
Event: 17.957 Thread 0x0000023755504510 flushing  nmethod 0x00000237449ad790
Event: 17.957 Thread 0x0000023755504510 flushing  nmethod 0x00000237449b0c10
Event: 17.957 Thread 0x0000023755504510 flushing  nmethod 0x00000237449b1390
Event: 17.957 Thread 0x0000023755504510 flushing  nmethod 0x00000237449b2d10
Event: 17.957 Thread 0x0000023755504510 flushing  nmethod 0x00000237449b3610
Event: 17.957 Thread 0x0000023755504510 flushing  nmethod 0x00000237449b4310
Event: 17.957 Thread 0x0000023755504510 flushing  nmethod 0x00000237449b4790
Event: 17.957 Thread 0x0000023755504510 flushing  nmethod 0x00000237449b6090
Event: 17.957 Thread 0x0000023755504510 flushing  nmethod 0x00000237449b6b90
Event: 17.957 Thread 0x0000023755504510 flushing  nmethod 0x00000237449b7710
Event: 17.957 Thread 0x0000023755504510 flushing  nmethod 0x00000237449b8210
Event: 17.957 Thread 0x0000023755504510 flushing  nmethod 0x00000237449d4f90
Event: 17.957 Thread 0x0000023755504510 flushing  nmethod 0x00000237449ec610
Event: 17.957 Thread 0x0000023755504510 flushing  nmethod 0x00000237449ee110
Event: 17.957 Thread 0x0000023755504510 flushing  nmethod 0x0000023744a95f90
Event: 17.957 Thread 0x0000023755504510 flushing  nmethod 0x0000023744ab6f90

Events (20 events):
Event: 17.713 Thread 0x000002374112d690 Thread added: 0x000002379dc563a0
Event: 17.713 Thread 0x000002374112d690 Thread added: 0x000002379dc52f20
Event: 17.713 Thread 0x000002374112d690 Thread added: 0x000002379dc54960
Event: 17.714 Thread 0x000002374112d690 Thread added: 0x000002379dc53c40
Event: 17.714 Thread 0x000002374112d690 Thread added: 0x000002379dc56a30
Event: 17.714 Thread 0x000002374112d690 Thread added: 0x000002379dc535b0
Event: 17.714 Thread 0x000002374112d690 Thread added: 0x000002379dc57750
Event: 17.714 Thread 0x000002374112d690 Thread added: 0x000002379dc55d10
Event: 17.714 Thread 0x000002374112d690 Thread added: 0x000002379dc570c0
Event: 17.714 Thread 0x000002374112d690 Thread added: 0x000002379dc55680
Event: 17.714 Thread 0x000002374112d690 Thread added: 0x000002379dc542d0
Event: 17.714 Thread 0x000002374112d690 Thread added: 0x000002379dc58470
Event: 17.748 Thread 0x000002374112d690 Thread added: 0x000002379dc57de0
Event: 17.969 Thread 0x0000023797cafdf0 Thread added: 0x000002379dc54ff0
Event: 18.025 Thread 0x000002374112d690 Thread added: 0x000002379dc58b00
Event: 18.026 Thread 0x000002374112d690 Thread added: 0x000002379dc59190
Event: 18.136 Thread 0x000002379dc54ff0 Thread added: 0x000002379dc59eb0
Event: 18.518 Thread 0x0000023797cb0480 Thread added: 0x000002379dc5a540
Event: 18.518 Thread 0x000002379dc5a540 Thread exited: 0x000002379dc5a540
Event: 18.647 Thread 0x0000023797cb0480 Thread added: 0x000002379dc5a540


Dynamic libraries:
0x00007ff7ab2b0000 - 0x00007ff7ab2be000 	c:\Users\aaand\.vscode\extensions\redhat.java-1.42.0-win32-x64\jre\21.0.7-win32-x86_64\bin\java.exe
0x00007ffa9cc60000 - 0x00007ffa9cec6000 	C:\WINDOWS\SYSTEM32\ntdll.dll
0x00007ffa9c7e0000 - 0x00007ffa9c8a9000 	C:\WINDOWS\System32\KERNEL32.DLL
0x00007ffa99df0000 - 0x00007ffa9a1bc000 	C:\WINDOWS\System32\KERNELBASE.dll
0x00007ffa9a340000 - 0x00007ffa9a48b000 	C:\WINDOWS\System32\ucrtbase.dll
0x00007ffa7ec40000 - 0x00007ffa7ec58000 	c:\Users\aaand\.vscode\extensions\redhat.java-1.42.0-win32-x64\jre\21.0.7-win32-x86_64\bin\jli.dll
0x00007ffa9ca50000 - 0x00007ffa9cc1a000 	C:\WINDOWS\System32\USER32.dll
0x00007ffa9a490000 - 0x00007ffa9a4b7000 	C:\WINDOWS\System32\win32u.dll
0x00007ffa9b320000 - 0x00007ffa9b34b000 	C:\WINDOWS\System32\GDI32.dll
0x00007ffa9a6d0000 - 0x00007ffa9a802000 	C:\WINDOWS\System32\gdi32full.dll
0x00007ffa9a620000 - 0x00007ffa9a6c3000 	C:\WINDOWS\System32\msvcp_win.dll
0x00007ffa7eed0000 - 0x00007ffa7eeee000 	c:\Users\aaand\.vscode\extensions\redhat.java-1.42.0-win32-x64\jre\21.0.7-win32-x86_64\bin\VCRUNTIME140.dll
0x00007ffa80320000 - 0x00007ffa805ba000 	C:\WINDOWS\WinSxS\amd64_microsoft.windows.common-controls_6595b64144ccf1df_6.0.26100.3912_none_3e07963ce335137e\COMCTL32.dll
0x00007ffa9c1c0000 - 0x00007ffa9c269000 	C:\WINDOWS\System32\msvcrt.dll
0x00007ffa9b540000 - 0x00007ffa9b570000 	C:\WINDOWS\System32\IMM32.DLL
0x00007ffa849f0000 - 0x00007ffa849fc000 	c:\Users\aaand\.vscode\extensions\redhat.java-1.42.0-win32-x64\jre\21.0.7-win32-x86_64\bin\vcruntime140_1.dll
0x00007ffa7de30000 - 0x00007ffa7debd000 	c:\Users\aaand\.vscode\extensions\redhat.java-1.42.0-win32-x64\jre\21.0.7-win32-x86_64\bin\msvcp140.dll
0x00007ffa2ac80000 - 0x00007ffa2ba10000 	c:\Users\aaand\.vscode\extensions\redhat.java-1.42.0-win32-x64\jre\21.0.7-win32-x86_64\bin\server\jvm.dll
0x00007ffa9c8b0000 - 0x00007ffa9c962000 	C:\WINDOWS\System32\ADVAPI32.dll
0x00007ffa9b070000 - 0x00007ffa9b116000 	C:\WINDOWS\System32\sechost.dll
0x00007ffa9b350000 - 0x00007ffa9b466000 	C:\WINDOWS\System32\RPCRT4.dll
0x00007ffa9aa20000 - 0x00007ffa9aa94000 	C:\WINDOWS\System32\WS2_32.dll
0x00007ffa989e0000 - 0x00007ffa98a3e000 	C:\WINDOWS\SYSTEM32\POWRPROF.dll
0x00007ffa85040000 - 0x00007ffa85076000 	C:\WINDOWS\SYSTEM32\WINMM.dll
0x00007ffa8faf0000 - 0x00007ffa8fafb000 	C:\WINDOWS\SYSTEM32\VERSION.dll
0x00007ffa989c0000 - 0x00007ffa989d4000 	C:\WINDOWS\SYSTEM32\UMPDC.dll
0x00007ffa98c90000 - 0x00007ffa98caa000 	C:\WINDOWS\SYSTEM32\kernel.appcore.dll
0x00007ffa82ae0000 - 0x00007ffa82aea000 	c:\Users\aaand\.vscode\extensions\redhat.java-1.42.0-win32-x64\jre\21.0.7-win32-x86_64\bin\jimage.dll
0x00007ffa975c0000 - 0x00007ffa97801000 	C:\WINDOWS\SYSTEM32\DBGHELP.DLL
0x00007ffa9c450000 - 0x00007ffa9c7d4000 	C:\WINDOWS\System32\combase.dll
0x00007ffa9b120000 - 0x00007ffa9b200000 	C:\WINDOWS\System32\OLEAUT32.dll
0x00007ffa6e5d0000 - 0x00007ffa6e609000 	C:\WINDOWS\SYSTEM32\dbgcore.DLL
0x00007ffa9a580000 - 0x00007ffa9a619000 	C:\WINDOWS\System32\bcryptPrimitives.dll
0x00007ffa828f0000 - 0x00007ffa828ff000 	c:\Users\aaand\.vscode\extensions\redhat.java-1.42.0-win32-x64\jre\21.0.7-win32-x86_64\bin\instrument.dll
0x00007ffa7e0c0000 - 0x00007ffa7e0df000 	c:\Users\aaand\.vscode\extensions\redhat.java-1.42.0-win32-x64\jre\21.0.7-win32-x86_64\bin\java.dll
0x00007ffa9ba90000 - 0x00007ffa9c1bd000 	C:\WINDOWS\System32\SHELL32.dll
0x00007ffa9a1c0000 - 0x00007ffa9a334000 	C:\WINDOWS\System32\wintypes.dll
0x00007ffa97a60000 - 0x00007ffa982b6000 	C:\WINDOWS\SYSTEM32\windows.storage.dll
0x00007ffa9ada0000 - 0x00007ffa9ae8f000 	C:\WINDOWS\System32\SHCORE.dll
0x00007ffa9acc0000 - 0x00007ffa9ad29000 	C:\WINDOWS\System32\shlwapi.dll
0x00007ffa99d00000 - 0x00007ffa99d2f000 	C:\WINDOWS\SYSTEM32\profapi.dll
0x00007ffa7e060000 - 0x00007ffa7e078000 	c:\Users\aaand\.vscode\extensions\redhat.java-1.42.0-win32-x64\jre\21.0.7-win32-x86_64\bin\zip.dll
0x00007ffa80b20000 - 0x00007ffa80b30000 	C:\Users\aaand\.vscode\extensions\redhat.java-1.42.0-win32-x64\jre\21.0.7-win32-x86_64\bin\net.dll
0x00007ffa8f610000 - 0x00007ffa8f72e000 	C:\WINDOWS\SYSTEM32\WINHTTP.dll
0x00007ffa991e0000 - 0x00007ffa9924a000 	C:\WINDOWS\system32\mswsock.dll
0x00007ffa7e040000 - 0x00007ffa7e056000 	C:\Users\aaand\.vscode\extensions\redhat.java-1.42.0-win32-x64\jre\21.0.7-win32-x86_64\bin\nio.dll
0x00007ffa7e0b0000 - 0x00007ffa7e0c0000 	c:\Users\aaand\.vscode\extensions\redhat.java-1.42.0-win32-x64\jre\21.0.7-win32-x86_64\bin\verify.dll
0x00007ffa75fe0000 - 0x00007ffa76025000 	C:\Users\aaand\AppData\Roaming\Code\User\globalStorage\redhat.java\1.42.0\config_win\org.eclipse.equinox.launcher\org.eclipse.equinox.launcher.win32.win32.x86_64_1.2.1300.v20250331-1702\eclipse_11911.dll
0x00007ffa9aec0000 - 0x00007ffa9b05f000 	C:\WINDOWS\System32\ole32.dll
0x00007ffa995a0000 - 0x00007ffa995bc000 	C:\WINDOWS\SYSTEM32\CRYPTSP.dll
0x00007ffa98bf0000 - 0x00007ffa98c2a000 	C:\WINDOWS\system32\rsaenh.dll
0x00007ffa99280000 - 0x00007ffa992ab000 	C:\WINDOWS\SYSTEM32\USERENV.dll
0x00007ffa99cd0000 - 0x00007ffa99cf6000 	C:\WINDOWS\SYSTEM32\bcrypt.dll
0x00007ffa99410000 - 0x00007ffa9941c000 	C:\WINDOWS\SYSTEM32\CRYPTBASE.dll
0x00007ffa98620000 - 0x00007ffa98653000 	C:\WINDOWS\SYSTEM32\IPHLPAPI.DLL
0x00007ffa9aea0000 - 0x00007ffa9aeaa000 	C:\WINDOWS\System32\NSI.dll
0x00007ffa75ca0000 - 0x00007ffa75ce9000 	C:\Users\aaand\AppData\Local\Temp\jna-92567991\jna647545006162449969.dll
0x00007ffa9b310000 - 0x00007ffa9b318000 	C:\WINDOWS\System32\PSAPI.DLL
0x00007ffa8f7f0000 - 0x00007ffa8f80f000 	C:\WINDOWS\SYSTEM32\dhcpcsvc6.DLL
0x00007ffa8e850000 - 0x00007ffa8e875000 	C:\WINDOWS\SYSTEM32\dhcpcsvc.DLL
0x00007ffa7e030000 - 0x00007ffa7e03e000 	C:\Users\aaand\.vscode\extensions\redhat.java-1.42.0-win32-x64\jre\21.0.7-win32-x86_64\bin\sunmscapi.dll
0x00007ffa9a8a0000 - 0x00007ffa9aa17000 	C:\WINDOWS\System32\CRYPT32.dll
0x00007ffa996f0000 - 0x00007ffa99720000 	C:\WINDOWS\SYSTEM32\ncrypt.dll
0x00007ffa996a0000 - 0x00007ffa996df000 	C:\WINDOWS\SYSTEM32\NTASN1.dll
0x00007ffa986b0000 - 0x00007ffa987d7000 	C:\WINDOWS\SYSTEM32\DNSAPI.dll
0x00007ffa8b9b0000 - 0x00007ffa8b9bb000 	C:\Windows\System32\rasadhlp.dll
0x00007ffa8bea0000 - 0x00007ffa8bf26000 	C:\WINDOWS\System32\fwpuclnt.dll
0x00007ffa7de20000 - 0x00007ffa7de29000 	C:\Users\aaand\.vscode\extensions\redhat.java-1.42.0-win32-x64\jre\21.0.7-win32-x86_64\bin\extnet.dll

dbghelp: loaded successfully - version: 4.0.5 - missing functions: none
symbol engine: initialized successfully - sym options: 0x614 - pdb path: .;c:\Users\aaand\.vscode\extensions\redhat.java-1.42.0-win32-x64\jre\21.0.7-win32-x86_64\bin;C:\WINDOWS\SYSTEM32;C:\WINDOWS\WinSxS\amd64_microsoft.windows.common-controls_6595b64144ccf1df_6.0.26100.3912_none_3e07963ce335137e;c:\Users\aaand\.vscode\extensions\redhat.java-1.42.0-win32-x64\jre\21.0.7-win32-x86_64\bin\server;C:\Users\aaand\AppData\Roaming\Code\User\globalStorage\redhat.java\1.42.0\config_win\org.eclipse.equinox.launcher\org.eclipse.equinox.launcher.win32.win32.x86_64_1.2.1300.v20250331-1702;C:\Users\aaand\AppData\Local\Temp\jna-92567991

VM Arguments:
jvm_args: --add-modules=ALL-SYSTEM --add-opens=java.base/java.util=ALL-UNNAMED --add-opens=java.base/java.lang=ALL-UNNAMED --add-opens=java.base/sun.nio.fs=ALL-UNNAMED -Declipse.application=org.eclipse.jdt.ls.core.id1 -Dosgi.bundles.defaultStartLevel=4 -Declipse.product=org.eclipse.jdt.ls.core.product -Djava.import.generatesMetadataFilesAtProjectRoot=false -DDetectVMInstallationsJob.disabled=true -Dfile.encoding=utf8 -XX:+UseParallelGC -XX:GCTimeRatio=4 -XX:AdaptiveSizePolicyWeight=90 -Dsun.zip.disableMemoryMapping=true -Xmx1G -Xms100m -Xlog:disable -javaagent:c:\Users\aaand\.vscode\extensions\redhat.java-1.42.0-win32-x64\lombok\lombok-1.18.36.jar -XX:+HeapDumpOnOutOfMemoryError -XX:HeapDumpPath=c:\Users\aaand\AppData\Roaming\Code\User\workspaceStorage\2b604885738b9e0326f0ffdc5d1a524f\redhat.java -Daether.dependencyCollector.impl=bf 
java_command: c:\Users\aaand\.vscode\extensions\redhat.java-1.42.0-win32-x64\server\plugins\org.eclipse.equinox.launcher_1.7.0.v20250424-1814.jar -configuration c:\Users\aaand\AppData\Roaming\Code\User\globalStorage\redhat.java\1.42.0\config_win -data c:\Users\aaand\AppData\Roaming\Code\User\workspaceStorage\2b604885738b9e0326f0ffdc5d1a524f\redhat.java\jdt_ws --pipe=\\.\pipe\lsp-05d9eecbf6075be2dba51e559a338652-sock
java_class_path (initial): c:\Users\aaand\.vscode\extensions\redhat.java-1.42.0-win32-x64\server\plugins\org.eclipse.equinox.launcher_1.7.0.v20250424-1814.jar
Launcher Type: SUN_STANDARD

[Global flags]
    uintx AdaptiveSizePolicyWeight                 = 90                                        {product} {command line}
     intx CICompilerCount                          = 4                                         {product} {ergonomic}
    uintx GCTimeRatio                              = 4                                         {product} {command line}
     bool HeapDumpOnOutOfMemoryError               = true                                   {manageable} {command line}
    ccstr HeapDumpPath                             = c:\Users\aaand\AppData\Roaming\Code\User\workspaceStorage\2b604885738b9e0326f0ffdc5d1a524f\redhat.java         {manageable} {command line}
   size_t InitialHeapSize                          = 104857600                                 {product} {command line}
   size_t MaxHeapSize                              = 1073741824                                {product} {command line}
   size_t MaxNewSize                               = 357564416                                 {product} {ergonomic}
   size_t MinHeapDeltaBytes                        = 524288                                    {product} {ergonomic}
   size_t MinHeapSize                              = 104857600                                 {product} {command line}
   size_t NewSize                                  = 34603008                                  {product} {ergonomic}
    uintx NonNMethodCodeHeapSize                   = 5839372                                {pd product} {ergonomic}
    uintx NonProfiledCodeHeapSize                  = 122909434                              {pd product} {ergonomic}
   size_t OldSize                                  = 70254592                                  {product} {ergonomic}
    uintx ProfiledCodeHeapSize                     = 122909434                              {pd product} {ergonomic}
    uintx ReservedCodeCacheSize                    = 251658240                              {pd product} {ergonomic}
     bool SegmentedCodeCache                       = true                                      {product} {ergonomic}
   size_t SoftMaxHeapSize                          = 1073741824                             {manageable} {ergonomic}
     bool UseCompressedOops                        = true                           {product lp64_product} {ergonomic}
     bool UseLargePagesIndividualAllocation        = false                                  {pd product} {ergonomic}
     bool UseParallelGC                            = true                                      {product} {command line}

Logging:
Log output configuration:
 #0: stdout all=off uptime,level,tags foldmultilines=false
 #1: stderr all=off uptime,level,tags foldmultilines=false

Environment Variables:
JAVA_HOME=C:\Program Files\Eclipse Adoptium\jdk-17.0.14.7-hotspot\
PATH=C:\Program Files\Common Files\Oracle\Java\javapath;C:\Program Files\NVIDIA GPU Computing Toolkit\CUDA\v12.9\bin;C:\Program Files\NVIDIA GPU Computing Toolkit\CUDA\v12.9\libnvvp;C:\Program Files (x86)\Common Files\Oracle\Java\java8path;C:\Program Files (x86)\Common Files\Oracle\Java\javapath;C:\Program Files\Java\jdk-24\bin;C:\WINDOWS\system32;C:\WINDOWS;C:\WINDOWS\System32\Wbem;C:\WINDOWS\System32\WindowsPowerShell\v1.0\;C:\WINDOWS\System32\OpenSSH\;C:\Program Files\NVIDIA Corporation\NVIDIA App\NvDLISR;C:\Program Files (x86)\NVIDIA Corporation\PhysX\Common;C:\Program Files\dotnet\;C:\Program Files\Calibre2\;C:\Users\aaand\Downloads\openjfx-24.0.1_windows-x64_bin-sdk\javafx-sdk-24.0.1\bin;C:\Program Files\Git\cmd;C:\Program Files\NVIDIA Corporation\Nsight Compute 2025.2.0\;C:\Program Files\Docker\Docker\resources\bin;C:\Users\aaand\AppData\Local\Programs\Python\Python312\Scripts\;C:\Users\aaand\AppData\Local\Programs\Python\Python312\;C:\Users\aaand\AppData\Local\Programs\Python\Python310\Scripts\;C:\Users\aaand\AppData\Local\Programs\Python\Python310\;C:\Users\aaand\AppData\Local\Programs\Python\Python313\Scripts\;C:\Users\aaand\AppData\Local\Programs\Python\Python313\;C:\Users\aaand\AppData\Local\Programs\Python\Launcher\;C:\Users\aaand\AppData\Local\Microsoft\WindowsApps;C:\Users\aaand\AppData\Local\Programs\Microsoft VS Code\bin;C:\Users\aaand\.dotnet\tools
USERNAME=aaand
OS=Windows_NT
PROCESSOR_IDENTIFIER=Intel64 Family 6 Model 141 Stepping 1, GenuineIntel
TMP=C:\Users\aaand\AppData\Local\Temp
TEMP=C:\Users\aaand\AppData\Local\Temp




Periodic native trim disabled

---------------  S Y S T E M  ---------------

OS:
 Windows 11 , 64 bit Build 26100 (10.0.26100.3912)
OS uptime: 1 days 4:02 hours
Hyper-V role detected

CPU: total 12 (initial active 12) (6 cores per cpu, 2 threads per core) family 6 model 141 stepping 1 microcode 0x3c, cx8, cmov, fxsr, ht, mmx, 3dnowpref, sse, sse2, sse3, ssse3, sse4.1, sse4.2, popcnt, lzcnt, tsc, tscinvbit, avx, avx2, aes, erms, clmul, bmi1, bmi2, adx, avx512f, avx512dq, avx512cd, avx512bw, avx512vl, sha, fma, vzeroupper, avx512_vpopcntdq, avx512_vpclmulqdq, avx512_vaes, avx512_vnni, clflush, clflushopt, clwb, avx512_vbmi2, avx512_vbmi, hv, rdtscp, rdpid, fsrm, gfni, avx512_bitalg, f16c, cet_ibt, cet_ss, avx512_ifma
Processor Information for the first 12 processors :
  Max Mhz: 2688, Current Mhz: 2688, Mhz Limit: 2688

Memory: 4k page, system-wide physical 16163M (758M free)
TotalPageFile size 32046M (AvailPageFile size 38M)
current process WorkingSet (physical memory assigned to process): 245M, peak: 245M
current process commit charge ("private bytes"): 325M, peak: 326M

vm_info: OpenJDK 64-Bit Server VM (21.0.7+6-LTS) for windows-amd64 JRE (21.0.7+6-LTS), built on 2025-04-15T00:00:00Z by "admin" with MS VC++ 17.7 (VS2022)

END.
